<?xml version="1.0" encoding="UTF-8"?>
<!-- Generated by org.testng.reporters.JUnitReportReporter -->
<testsuite hostname="Devarakonda" failures="0" tests="2" name="test.day1" time="0.003" errors="0" timestamp="2024-06-25T17:11:00 IST" skipped="1">
  <testcase classname="test.day1" name="Demo" time="0.003"/>
  <system-out/>
  <testcase classname="test.day1" name="afsuite">
    <skipped/>
  </testcase> <!-- afsuite -->
  <system-out/>
</testsuite> <!-- test.day1 -->
