<?xml version="1.0" encoding="UTF-8"?>
<!-- Generated by org.testng.reporters.JUnitReportReporter -->
<testsuite hostname="Devarakonda" failures="0" tests="6" name="test.day3" time="0.003" errors="0" timestamp="2024-06-25T17:11:00 IST" skipped="1">
  <testcase classname="test.day3" name="Mobilesignoutcarloan" time="0.000"/>
  <system-out/>
  <testcase classname="test.day3" name="MobileLoginLoan" time="0.001"/>
  <system-out/>
  <testcase classname="test.day3" name="Mobilesignoutcarloan" time="0.000"/>
  <system-out/>
  <testcase classname="test.day3" name="Mobilesignoutcarloan" time="0.002"/>
  <system-out/>
  <testcase classname="test.day3" name="Weblogincarloan" time="0.000"/>
  <system-out/>
  <testcase classname="test.day3" name="Mobilesigncarloan">
    <skipped/>
  </testcase> <!-- Mobilesigncarloan -->
  <system-out/>
</testsuite> <!-- test.day3 -->
