<?xml version="1.0" encoding="UTF-8"?>
<!-- Generated by org.testng.reporters.JUnitReportReporter -->
<testsuite hostname="DESKTOP-AMSJ8TE" failures="0" tests="6" name="test.day3" time="0.115" errors="0" timestamp="2024-03-12T09:54:22 IST" skipped="1">
  <testcase classname="test.day3" name="MobileLoginLoan" time="0.038"/>
  <system-out/>
  <testcase classname="test.day3" name="Mobilesignoutcarloan" time="0.008"/>
  <system-out/>
  <testcase classname="test.day3" name="Mobilesignoutcarloan" time="0.011"/>
  <system-out/>
  <testcase classname="test.day3" name="APIcarloan" time="0.007"/>
  <system-out/>
  <testcase classname="test.day3" name="Mobilesignoutcarloan" time="0.051"/>
  <system-out/>
  <testcase classname="test.day3" name="Mobilesigncarloan">
    <skipped/>
  </testcase> <!-- Mobilesigncarloan -->
  <system-out/>
</testsuite> <!-- test.day3 -->
