<?xml version="1.0" encoding="UTF-8"?>
<!-- Generated by org.testng.reporters.JUnitReportReporter -->
<testsuite hostname="DESKTOP-AMSJ8TE" failures="0" tests="2" name="test.day4" time="0.030" errors="0" timestamp="2024-03-12T09:54:22 IST" skipped="0">
  <testcase classname="test.day4" name="LoginAPIHomeloan" time="0.004"/>
  <system-out/>
  <testcase classname="test.day4" name="MobileLoginHomeLoan" time="0.026"/>
  <system-out/>
</testsuite> <!-- test.day4 -->
